<?xml version="1.0" encoding="UTF-8"?>
<testng-results ignored="0" total="3" passed="3" failed="0" skipped="0">
  <reporter-output>
  </reporter-output>
  <suite started-at="2023-02-28T17:22:13 IST" name="All Test Suite" finished-at="2023-02-28T17:22:29 IST" duration-ms="15362">
    <groups>
    </groups>
    <test started-at="2023-02-28T17:22:13 IST" name="C:/Users/evyco/IdeaProjects/PageObjectModel" finished-at="2023-02-28T17:22:29 IST" duration-ms="15362">
      <class name="com.evy.tests.MyTests">
        <test-method is-config="true" signature="setup()[pri:0, instance:com.evy.tests.MyTests@4b8ee4de]" started-at="2023-02-28T17:22:14 IST" name="setup" finished-at="2023-02-28T17:22:18 IST" duration-ms="4523" status="PASS">
          <reporter-output>
          </reporter-output>
        </test-method> <!-- setup -->
        <test-method is-config="true" signature="setup()[pri:0, instance:com.evy.tests.MyTests@4b8ee4de]" started-at="2023-02-28T17:22:14 IST" name="setup" finished-at="2023-02-28T17:22:18 IST" duration-ms="4490" status="PASS">
          <reporter-output>
          </reporter-output>
        </test-method> <!-- setup -->
        <test-method is-config="true" signature="setup()[pri:0, instance:com.evy.tests.MyTests@4b8ee4de]" started-at="2023-02-28T17:22:14 IST" name="setup" finished-at="2023-02-28T17:22:18 IST" duration-ms="4502" status="PASS">
          <reporter-output>
          </reporter-output>
        </test-method> <!-- setup -->
        <test-method signature="loginTest()[pri:0, instance:com.evy.tests.MyTests@4b8ee4de]" started-at="2023-02-28T17:22:18 IST" name="loginTest" description="login with valid data &amp; verify login success  message with welcome message contains userName" finished-at="2023-02-28T17:22:23 IST" duration-ms="5276" status="PASS">
          <reporter-output>
          </reporter-output>
        </test-method> <!-- loginTest -->
        <test-method signature="createNewCustomerTest()[pri:0, instance:com.evy.tests.MyTests@4b8ee4de]" started-at="2023-02-28T17:22:18 IST" name="createNewCustomerTest" description="create new customer with valid data, since server do not response with proper message if customer added or not , we will check if customerName  exists from the customers table" finished-at="2023-02-28T17:22:28 IST" duration-ms="10070" status="PASS">
          <reporter-output>
          </reporter-output>
        </test-method> <!-- createNewCustomerTest -->
        <test-method signature="signupTest()[pri:0, instance:com.evy.tests.MyTests@4b8ee4de]" started-at="2023-02-28T17:22:18 IST" name="signupTest" description="signup with valid data &amp; verify if signup success with valid response message from server" finished-at="2023-02-28T17:22:21 IST" duration-ms="2421" status="PASS">
          <reporter-output>
          </reporter-output>
        </test-method> <!-- signupTest -->
        <test-method is-config="true" signature="tearDown()[pri:0, instance:com.evy.tests.MyTests@4b8ee4de]" started-at="2023-02-28T17:22:21 IST" name="tearDown" finished-at="2023-02-28T17:22:21 IST" duration-ms="585" status="PASS">
          <reporter-output>
          </reporter-output>
        </test-method> <!-- tearDown -->
        <test-method is-config="true" signature="tearDown()[pri:0, instance:com.evy.tests.MyTests@4b8ee4de]" started-at="2023-02-28T17:22:23 IST" name="tearDown" finished-at="2023-02-28T17:22:24 IST" duration-ms="577" status="PASS">
          <reporter-output>
          </reporter-output>
        </test-method> <!-- tearDown -->
        <test-method is-config="true" signature="tearDown()[pri:0, instance:com.evy.tests.MyTests@4b8ee4de]" started-at="2023-02-28T17:22:28 IST" name="tearDown" finished-at="2023-02-28T17:22:29 IST" duration-ms="593" status="PASS">
          <reporter-output>
          </reporter-output>
        </test-method> <!-- tearDown -->
      </class> <!-- com.evy.tests.MyTests -->
    </test> <!-- C:/Users/evyco/IdeaProjects/PageObjectModel -->
  </suite> <!-- All Test Suite -->
</testng-results>
